# Logfile created on 2015-02-27 14:51:59 -0700 by logger.rb/41954
I, [2015-02-27T14:51:59.561811 #4820]  INFO -- : post http://localhost:8080/projects.json
D, [2015-02-27T14:51:59.561811 #4820] DEBUG -- request: User-Agent: "Faraday v0.9.1"
Content-Type: "application/json"
I, [2015-02-27T14:52:00.102919 #4820]  INFO -- Status: 201
D, [2015-02-27T14:52:00.102919 #4820] DEBUG -- response: date: "Fri, 27 Feb 2015 21:48:06 GMT"
server: "Apache"
x-ua-compatible: "IE=Edge"
cache-control: "max-age=0, private, must-revalidate"
x-meta-request-version: "0.3.4"
x-request-id: "606cfb855b92ed51620cdb31a6c398f0"
x-runtime: "0.510824"
x-powered-by: "Phusion Passenger 4.0.50"
set-cookie: "_openstudio-server_session=BAh7BkkiD3Nlc3Npb25faWQGOgZFVEkiJTRkZmY1NTg4MTM2NTRjMjE1NmFlODhhYzU4OTZjMWYwBjsAVA%3D%3D--e879a63a422c1592a32d609c64e4cf7ab6ecfacb; path=/; HttpOnly"
location: "http://localhost:8080/projects/56408043-88d2-4c86-8996-3a9afa4b70da"
etag: "\"ee95def22a01beb9e7dc22d535cebb38\""
status: "201 Created"
connection: "close"
transfer-encoding: "chunked"
content-type: "application/json; charset=utf-8"
I, [2015-02-27T14:52:00.106920 #4820]  INFO -- : post http://localhost:8080/projects/56408043-88d2-4c86-8996-3a9afa4b70da/analyses.json
D, [2015-02-27T14:52:00.106920 #4820] DEBUG -- request: User-Agent: "Faraday v0.9.1"
Content-Type: "application/json"
I, [2015-02-27T14:52:02.470393 #4820]  INFO -- Status: 201
D, [2015-02-27T14:52:02.470393 #4820] DEBUG -- response: date: "Fri, 27 Feb 2015 21:48:06 GMT"
server: "Apache"
x-ua-compatible: "IE=Edge"
cache-control: "max-age=0, private, must-revalidate"
x-meta-request-version: "0.3.4"
x-request-id: "a98075619bf35e56500363ae03516245"
x-runtime: "1.541735"
x-powered-by: "Phusion Passenger 4.0.50"
set-cookie: "_openstudio-server_session=BAh7BkkiD3Nlc3Npb25faWQGOgZFVEkiJTZiZGE3MzRjZWFkOTQ0NzFjODhjYzVjYzMzMmI4MzIzBjsAVA%3D%3D--bb3d249b49b026d856c9806498b5318b72ca1a4f; path=/; HttpOnly"
location: "http://localhost:8080/analyses/ac8cc5c3-caba-418c-b38c-cd65da21b38d"
etag: "\"4e0e43e1f9dd5259f9c220c6a7d994fb\""
status: "201 Created"
connection: "close"
transfer-encoding: "chunked"
content-type: "application/json; charset=utf-8"
I, [2015-02-27T14:52:02.472893 #4820]  INFO -- : post http://localhost:8080/analyses/ac8cc5c3-caba-418c-b38c-cd65da21b38d/upload.json
D, [2015-02-27T14:52:02.472893 #4820] DEBUG -- request: User-Agent: "Faraday v0.9.1"
Content-Type: "multipart/form-data; boundary=-----------RubyMultipartPost"
Content-Length: "541305"
I, [2015-02-27T14:52:10.265952 #4820]  INFO -- Status: 201
D, [2015-02-27T14:52:10.265952 #4820] DEBUG -- response: date: "Fri, 27 Feb 2015 21:48:09 GMT"
server: "Apache"
x-ua-compatible: "IE=Edge"
cache-control: "max-age=0, private, must-revalidate"
x-meta-request-version: "0.3.4"
x-request-id: "ad5a6923d20271021002b1438ef2010a"
x-runtime: "3.329178"
x-powered-by: "Phusion Passenger 4.0.50"
set-cookie: "_openstudio-server_session=BAh7BkkiD3Nlc3Npb25faWQGOgZFVEkiJWZmMTU5Njg5ODY2ZWYzM2VlNzM3YjVlMDQ2NDQ1ZTRhBjsAVA%3D%3D--6f85e1a3a467d62a8906861bce9aeed35604f836; path=/; HttpOnly"
location: "http://localhost:8080/analyses/ac8cc5c3-caba-418c-b38c-cd65da21b38d"
etag: "\"73ef4b3769a2f4226723b06d98f96b0a\""
status: "201 Created"
connection: "close"
transfer-encoding: "chunked"
content-type: "application/json; charset=utf-8"
I, [2015-02-27T14:52:10.269452 #4820]  INFO -- : post http://localhost:8080/analyses/ac8cc5c3-caba-418c-b38c-cd65da21b38d/action.json
D, [2015-02-27T14:52:10.269452 #4820] DEBUG -- request: User-Agent: "Faraday v0.9.1"
Content-Type: "application/json"
I, [2015-02-27T14:52:12.355870 #4820]  INFO -- Status: 200
D, [2015-02-27T14:52:12.355870 #4820] DEBUG -- response: date: "Fri, 27 Feb 2015 21:48:16 GMT"
server: "Apache"
x-ua-compatible: "IE=Edge"
cache-control: "max-age=0, private, must-revalidate"
x-meta-request-version: "0.3.4"
x-request-id: "cda37701057f858318a46cec1476c615"
x-runtime: "2.067005"
x-powered-by: "Phusion Passenger 4.0.50"
set-cookie: "_openstudio-server_session=BAh7BkkiD3Nlc3Npb25faWQGOgZFVEkiJWRkNDBmMzA0NmI1Y2QwMDIyZGNhYWI0Y2Y5MDIwNDQwBjsAVA%3D%3D--51d54dae63b4d977112754ac36cf6d96a0c9c891; path=/; HttpOnly"
etag: "\"55e970f5b26ac2c07bb1a278686dcad6\""
status: "200 OK"
connection: "close"
transfer-encoding: "chunked"
content-type: "application/json; charset=utf-8"
I, [2015-02-27T14:52:12.358870 #4820]  INFO -- : post http://localhost:8080/projects.json
D, [2015-02-27T14:52:12.358870 #4820] DEBUG -- request: User-Agent: "Faraday v0.9.1"
Content-Type: "application/json"
I, [2015-02-27T14:52:12.771953 #4820]  INFO -- Status: 201
D, [2015-02-27T14:52:12.771953 #4820] DEBUG -- response: date: "Fri, 27 Feb 2015 21:48:18 GMT"
server: "Apache"
x-ua-compatible: "IE=Edge"
cache-control: "max-age=0, private, must-revalidate"
x-meta-request-version: "0.3.4"
x-request-id: "7d847aa1ae90af8b40635cd19a3aebdb"
x-runtime: "0.393142"
x-powered-by: "Phusion Passenger 4.0.50"
set-cookie: "_openstudio-server_session=BAh7BkkiD3Nlc3Npb25faWQGOgZFVEkiJTViZDkyNzllZDlhYjg3MjkzZGVhN2M3YTY2ZjNjNDU4BjsAVA%3D%3D--c89bffe45c590186d50cc3243a5f0e9e73c44118; path=/; HttpOnly"
location: "http://localhost:8080/projects/d476c4e6-537c-4ca7-83ba-3adb8d353935"
etag: "\"88baf0cb921c73fa91c42726649fc233\""
status: "201 Created"
connection: "close"
transfer-encoding: "chunked"
content-type: "application/json; charset=utf-8"
I, [2015-02-27T14:52:12.775453 #4820]  INFO -- : post http://localhost:8080/projects/d476c4e6-537c-4ca7-83ba-3adb8d353935/analyses.json
D, [2015-02-27T14:52:12.775453 #4820] DEBUG -- request: User-Agent: "Faraday v0.9.1"
Content-Type: "application/json"
I, [2015-02-27T14:52:15.679034 #4820]  INFO -- Status: 201
D, [2015-02-27T14:52:15.679534 #4820] DEBUG -- response: date: "Fri, 27 Feb 2015 21:48:19 GMT"
server: "Apache"
x-ua-compatible: "IE=Edge"
cache-control: "max-age=0, private, must-revalidate"
x-meta-request-version: "0.3.4"
x-request-id: "4dbe310be2f135124e4ab224bb86ca26"
x-runtime: "1.236236"
x-powered-by: "Phusion Passenger 4.0.50"
set-cookie: "_openstudio-server_session=BAh7BkkiD3Nlc3Npb25faWQGOgZFVEkiJTMxOTdmOTg5NjYzM2FhYzdhYWVjNGEwZjhiNDU0OWUyBjsAVA%3D%3D--0360122b3d514d2925247c4ac0c5bd4a238221b0; path=/; HttpOnly"
location: "http://localhost:8080/analyses/a9b9f555-28e2-44c2-ac48-ad277de7eb82"
etag: "\"96692eec52f5d581a7ae6c6f334d8ac6\""
status: "201 Created"
connection: "close"
transfer-encoding: "chunked"
content-type: "application/json; charset=utf-8"
I, [2015-02-27T14:52:15.681535 #4820]  INFO -- : post http://localhost:8080/analyses/a9b9f555-28e2-44c2-ac48-ad277de7eb82/upload.json
D, [2015-02-27T14:52:15.681535 #4820] DEBUG -- request: User-Agent: "Faraday v0.9.1"
Content-Type: "multipart/form-data; boundary=-----------RubyMultipartPost"
Content-Length: "512813"
I, [2015-02-27T14:52:29.901878 #4820]  INFO -- Status: 201
D, [2015-02-27T14:52:29.901878 #4820] DEBUG -- response: date: "Fri, 27 Feb 2015 21:48:22 GMT"
server: "Apache"
x-ua-compatible: "IE=Edge"
cache-control: "max-age=0, private, must-revalidate"
x-meta-request-version: "0.3.4"
x-request-id: "dcb2c3694505de1fc88a25900f6eafa6"
x-runtime: "2.929273"
x-powered-by: "Phusion Passenger 4.0.50"
set-cookie: "_openstudio-server_session=BAh7BkkiD3Nlc3Npb25faWQGOgZFVEkiJWJjY2FkNzVmYWM3YjdlNGU4ZTE4N2ZjOTczYWFkYjg2BjsAVA%3D%3D--ada77bee73cd2cedc1123a841d1db38a9484672e; path=/; HttpOnly"
location: "http://localhost:8080/analyses/a9b9f555-28e2-44c2-ac48-ad277de7eb82"
etag: "\"23908e41ae9f0a0aa9698199dacdcd20\""
status: "201 Created"
connection: "close"
transfer-encoding: "chunked"
content-type: "application/json; charset=utf-8"
I, [2015-02-27T14:52:29.903878 #4820]  INFO -- : post http://localhost:8080/analyses/a9b9f555-28e2-44c2-ac48-ad277de7eb82/action.json
D, [2015-02-27T14:52:29.903878 #4820] DEBUG -- request: User-Agent: "Faraday v0.9.1"
Content-Type: "application/json"
I, [2015-02-27T14:52:31.298157 #4820]  INFO -- Status: 200
D, [2015-02-27T14:52:31.298157 #4820] DEBUG -- response: date: "Fri, 27 Feb 2015 21:48:36 GMT"
server: "Apache"
x-ua-compatible: "IE=Edge"
cache-control: "max-age=0, private, must-revalidate"
x-meta-request-version: "0.3.4"
x-request-id: "4a8bf75d2211091a5a3f329020728bec"
x-runtime: "1.376878"
x-powered-by: "Phusion Passenger 4.0.50"
set-cookie: "_openstudio-server_session=BAh7BkkiD3Nlc3Npb25faWQGOgZFVEkiJWU3Nzg2YjBiYTI1ZGQxM2ZlODY0NGY1YTZjMmJlNTE3BjsAVA%3D%3D--12c52f0005958824b4c968cb4f3dbea1893df4c2; path=/; HttpOnly"
etag: "\"c75df3c77e140e7989f8866f7f275e94\""
status: "200 OK"
connection: "close"
transfer-encoding: "chunked"
content-type: "application/json; charset=utf-8"
I, [2015-02-27T14:52:31.300658 #4820]  INFO -- : post http://localhost:8080/projects.json
D, [2015-02-27T14:52:31.301158 #4820] DEBUG -- request: User-Agent: "Faraday v0.9.1"
Content-Type: "application/json"
I, [2015-02-27T14:52:31.663230 #4820]  INFO -- Status: 201
D, [2015-02-27T14:52:31.663230 #4820] DEBUG -- response: date: "Fri, 27 Feb 2015 21:48:37 GMT"
server: "Apache"
x-ua-compatible: "IE=Edge"
cache-control: "max-age=0, private, must-revalidate"
x-meta-request-version: "0.3.4"
x-request-id: "0210b3a81d7197e260de0ad0cc5da4a6"
x-runtime: "0.349897"
x-powered-by: "Phusion Passenger 4.0.50"
set-cookie: "_openstudio-server_session=BAh7BkkiD3Nlc3Npb25faWQGOgZFVEkiJTE4ZWU5OTk1YjJkMzQ4Njk2NjdkOGNlMTIyZTEyZGQ3BjsAVA%3D%3D--edc1f594f63b93e135e5818482a5fba59637d3a6; path=/; HttpOnly"
location: "http://localhost:8080/projects/509e81d1-3a07-4b0b-9fc2-1321e9c44512"
etag: "\"0858d8fb8e05d6f03670b990afb83d47\""
status: "201 Created"
connection: "close"
transfer-encoding: "chunked"
content-type: "application/json; charset=utf-8"
I, [2015-02-27T14:52:31.706739 #4820]  INFO -- : post http://localhost:8080/projects/509e81d1-3a07-4b0b-9fc2-1321e9c44512/analyses.json
D, [2015-02-27T14:52:31.706739 #4820] DEBUG -- request: User-Agent: "Faraday v0.9.1"
Content-Type: "application/json"
I, [2015-02-27T14:52:34.260750 #4820]  INFO -- Status: 201
D, [2015-02-27T14:52:34.260750 #4820] DEBUG -- response: date: "Fri, 27 Feb 2015 21:48:38 GMT"
server: "Apache"
x-ua-compatible: "IE=Edge"
cache-control: "max-age=0, private, must-revalidate"
x-meta-request-version: "0.3.4"
x-request-id: "787f9324b075b9e8ac0544d18ae692a1"
x-runtime: "1.284092"
x-powered-by: "Phusion Passenger 4.0.50"
set-cookie: "_openstudio-server_session=BAh7BkkiD3Nlc3Npb25faWQGOgZFVEkiJThjODVjM2I4ZGVhYjkwYWE5ZmZmNWExNWNmNjg5M2RkBjsAVA%3D%3D--e7ac438efc09b373577d555cc1c90ad08bfbec76; path=/; HttpOnly"
location: "http://localhost:8080/analyses/3ff6e4dd-baa8-4c95-924e-9480211d35be"
etag: "\"8733e73ea6aa2b46fc9f9305c3d44c63\""
status: "201 Created"
connection: "close"
transfer-encoding: "chunked"
content-type: "application/json; charset=utf-8"
I, [2015-02-27T14:52:34.263250 #4820]  INFO -- : post http://localhost:8080/analyses/3ff6e4dd-baa8-4c95-924e-9480211d35be/upload.json
D, [2015-02-27T14:52:34.263250 #4820] DEBUG -- request: User-Agent: "Faraday v0.9.1"
Content-Type: "multipart/form-data; boundary=-----------RubyMultipartPost"
Content-Length: "512817"
I, [2015-02-27T14:52:57.923481 #4820]  INFO -- Status: 201
D, [2015-02-27T14:52:57.923481 #4820] DEBUG -- response: date: "Fri, 27 Feb 2015 21:48:40 GMT"
server: "Apache"
x-ua-compatible: "IE=Edge"
cache-control: "max-age=0, private, must-revalidate"
x-meta-request-version: "0.3.4"
x-request-id: "dc320a2572c520295488cf3624a3c144"
x-runtime: "2.915089"
x-powered-by: "Phusion Passenger 4.0.50"
set-cookie: "_openstudio-server_session=BAh7BkkiD3Nlc3Npb25faWQGOgZFVEkiJTQ0ZDBlNTJkZjhiYjY3MzJkNDZmMDdjMTk4NzA1OGY0BjsAVA%3D%3D--41eb1306d2c9999691121a14c527eb968412d38f; path=/; HttpOnly"
location: "http://localhost:8080/analyses/3ff6e4dd-baa8-4c95-924e-9480211d35be"
etag: "\"d1cf887aad11842d68dd6cc635893086\""
status: "201 Created"
connection: "close"
transfer-encoding: "chunked"
content-type: "application/json; charset=utf-8"
I, [2015-02-27T14:52:57.925482 #4820]  INFO -- : post http://localhost:8080/analyses/3ff6e4dd-baa8-4c95-924e-9480211d35be/action.json
D, [2015-02-27T14:52:57.925982 #4820] DEBUG -- request: User-Agent: "Faraday v0.9.1"
Content-Type: "application/json"
I, [2015-02-27T14:52:59.269250 #4820]  INFO -- Status: 200
D, [2015-02-27T14:52:59.269250 #4820] DEBUG -- response: date: "Fri, 27 Feb 2015 21:49:04 GMT"
server: "Apache"
x-ua-compatible: "IE=Edge"
cache-control: "max-age=0, private, must-revalidate"
x-meta-request-version: "0.3.4"
x-request-id: "f98213c5990d61c9422d4bc42fdd26af"
x-runtime: "1.329117"
x-powered-by: "Phusion Passenger 4.0.50"
set-cookie: "_openstudio-server_session=BAh7BkkiD3Nlc3Npb25faWQGOgZFVEkiJTFlNjUyZTkzYmQwN2NkYTZkNTRmODM0YWJkZWJmZjIwBjsAVA%3D%3D--f468d92775922eb828d42617e97ab1978298d597; path=/; HttpOnly"
etag: "\"1d4bb814075a7c5b90897c8e59d06a71\""
status: "200 OK"
connection: "close"
transfer-encoding: "chunked"
content-type: "application/json; charset=utf-8"
I, [2015-02-27T14:52:59.272251 #4820]  INFO -- : post http://localhost:8080/projects.json
D, [2015-02-27T14:52:59.272251 #4820] DEBUG -- request: User-Agent: "Faraday v0.9.1"
Content-Type: "application/json"
I, [2015-02-27T14:52:59.594815 #4820]  INFO -- Status: 201
D, [2015-02-27T14:52:59.595316 #4820] DEBUG -- response: date: "Fri, 27 Feb 2015 21:49:05 GMT"
server: "Apache"
x-ua-compatible: "IE=Edge"
cache-control: "max-age=0, private, must-revalidate"
x-meta-request-version: "0.3.4"
x-request-id: "e5e95b80c91a510059c3d907d02e7973"
x-runtime: "0.312186"
x-powered-by: "Phusion Passenger 4.0.50"
set-cookie: "_openstudio-server_session=BAh7BkkiD3Nlc3Npb25faWQGOgZFVEkiJWEwMDBjOTE2M2QyMTI3MjE0MzY4YjAwZmNiYjczNzQ2BjsAVA%3D%3D--be9a383e84c61ef84d5f5282091a17466bcb994c; path=/; HttpOnly"
location: "http://localhost:8080/projects/dc3f8766-6eb3-4f82-b33b-a9ce9914082b"
etag: "\"25b14615c4c9e06b25206ddc30b4ecf5\""
status: "201 Created"
connection: "close"
transfer-encoding: "chunked"
content-type: "application/json; charset=utf-8"
I, [2015-02-27T14:52:59.598316 #4820]  INFO -- : post http://localhost:8080/projects/dc3f8766-6eb3-4f82-b33b-a9ce9914082b/analyses.json
D, [2015-02-27T14:52:59.598316 #4820] DEBUG -- request: User-Agent: "Faraday v0.9.1"
Content-Type: "application/json"
I, [2015-02-27T14:53:02.211839 #4820]  INFO -- Status: 201
D, [2015-02-27T14:53:02.211839 #4820] DEBUG -- response: date: "Fri, 27 Feb 2015 21:49:06 GMT"
server: "Apache"
x-ua-compatible: "IE=Edge"
cache-control: "max-age=0, private, must-revalidate"
x-meta-request-version: "0.3.4"
x-request-id: "f21e36545e169be9670d327cee2cca90"
x-runtime: "1.187845"
x-powered-by: "Phusion Passenger 4.0.50"
set-cookie: "_openstudio-server_session=BAh7BkkiD3Nlc3Npb25faWQGOgZFVEkiJTYzMGVjMDE3ZWVlY2U2ODczMWU0NGY2OWIyNmYyYWRmBjsAVA%3D%3D--6959d3964dff6aa009f894f77139dee44678ab9c; path=/; HttpOnly"
location: "http://localhost:8080/analyses/ff446c94-bf49-4a01-be5a-835719a8714f"
etag: "\"bb6c8635ae76476c36c79c5f163483da\""
status: "201 Created"
connection: "close"
transfer-encoding: "chunked"
content-type: "application/json; charset=utf-8"
I, [2015-02-27T14:53:02.214339 #4820]  INFO -- : post http://localhost:8080/analyses/ff446c94-bf49-4a01-be5a-835719a8714f/upload.json
D, [2015-02-27T14:53:02.214839 #4820] DEBUG -- request: User-Agent: "Faraday v0.9.1"
Content-Type: "multipart/form-data; boundary=-----------RubyMultipartPost"
Content-Length: "541615"
I, [2015-02-27T14:53:20.043904 #4820]  INFO -- Status: 201
D, [2015-02-27T14:53:20.043904 #4820] DEBUG -- response: date: "Fri, 27 Feb 2015 21:49:08 GMT"
server: "Apache"
x-ua-compatible: "IE=Edge"
cache-control: "max-age=0, private, must-revalidate"
x-meta-request-version: "0.3.4"
x-request-id: "bde9db09de6e1256df25f17b38b61ea1"
x-runtime: "2.998382"
x-powered-by: "Phusion Passenger 4.0.50"
set-cookie: "_openstudio-server_session=BAh7BkkiD3Nlc3Npb25faWQGOgZFVEkiJTdjMDQwOWFiOGNhZWUxZDU5ZWFkYTk2ZjA0MWY3ZGZiBjsAVA%3D%3D--8ead0c8790e6ab28d4173762218090961a170a4d; path=/; HttpOnly"
location: "http://localhost:8080/analyses/ff446c94-bf49-4a01-be5a-835719a8714f"
etag: "\"9800ec46875c3d3ee5b2afac7fe45727\""
status: "201 Created"
connection: "close"
transfer-encoding: "chunked"
content-type: "application/json; charset=utf-8"
I, [2015-02-27T14:53:20.047405 #4820]  INFO -- : post http://localhost:8080/analyses/ff446c94-bf49-4a01-be5a-835719a8714f/action.json
D, [2015-02-27T14:53:20.047405 #4820] DEBUG -- request: User-Agent: "Faraday v0.9.1"
Content-Type: "application/json"
I, [2015-02-27T14:53:21.541704 #4820]  INFO -- Status: 200
D, [2015-02-27T14:53:21.541704 #4820] DEBUG -- response: date: "Fri, 27 Feb 2015 21:49:26 GMT"
server: "Apache"
x-ua-compatible: "IE=Edge"
cache-control: "max-age=0, private, must-revalidate"
x-meta-request-version: "0.3.4"
x-request-id: "b9df71951f2c7884deb89534b882be33"
x-runtime: "1.478686"
x-powered-by: "Phusion Passenger 4.0.50"
set-cookie: "_openstudio-server_session=BAh7BkkiD3Nlc3Npb25faWQGOgZFVEkiJWQ5MGQzMmMxNmMwZTFlMjM0ZWM2MmY2ODljYjljNzlhBjsAVA%3D%3D--a2221cf9c571b1a684b11b589be8e5ea30675355; path=/; HttpOnly"
etag: "\"575647f0af48287a82eed21fe077cb9a\""
status: "200 OK"
connection: "close"
transfer-encoding: "chunked"
content-type: "application/json; charset=utf-8"
I, [2015-02-27T14:57:13.255037 #13636]  INFO -- : post http://localhost:8080/projects.json
D, [2015-02-27T14:57:13.255537 #13636] DEBUG -- request: User-Agent: "Faraday v0.9.1"
Content-Type: "application/json"
I, [2015-02-27T14:57:13.679622 #13636]  INFO -- Status: 201
D, [2015-02-27T14:57:13.680122 #13636] DEBUG -- response: date: "Fri, 27 Feb 2015 21:53:19 GMT"
server: "Apache"
x-ua-compatible: "IE=Edge"
cache-control: "max-age=0, private, must-revalidate"
x-meta-request-version: "0.3.4"
x-request-id: "211113736abe6a76b1d224cc4cca10cf"
x-runtime: "0.395942"
x-powered-by: "Phusion Passenger 4.0.50"
set-cookie: "_openstudio-server_session=BAh7BkkiD3Nlc3Npb25faWQGOgZFVEkiJWU3YTQ1MTZiOGRiODRhMTdmMGViNTVlNGMzODBhODViBjsAVA%3D%3D--ce19c1bb72d10e6bc8cdd8b1f7bb4d00c8fdb78e; path=/; HttpOnly"
location: "http://localhost:8080/projects/97675d77-294a-4ae7-b3d1-168f75291ac6"
etag: "\"88c9b1e8cd85b70ebe0cef4d2f942964\""
status: "201 Created"
connection: "close"
transfer-encoding: "chunked"
content-type: "application/json; charset=utf-8"
I, [2015-02-27T14:57:13.681623 #13636]  INFO -- : post http://localhost:8080/projects/97675d77-294a-4ae7-b3d1-168f75291ac6/analyses.json
D, [2015-02-27T14:57:13.681623 #13636] DEBUG -- request: User-Agent: "Faraday v0.9.1"
Content-Type: "application/json"
I, [2015-02-27T14:57:14.134213 #13636]  INFO -- Status: 201
D, [2015-02-27T14:57:14.134713 #13636] DEBUG -- response: date: "Fri, 27 Feb 2015 21:53:20 GMT"
server: "Apache"
x-ua-compatible: "IE=Edge"
cache-control: "max-age=0, private, must-revalidate"
x-meta-request-version: "0.3.4"
x-request-id: "d037726ed6737a34e0a846bc0197d3cb"
x-runtime: "0.434664"
x-powered-by: "Phusion Passenger 4.0.50"
set-cookie: "_openstudio-server_session=BAh7BkkiD3Nlc3Npb25faWQGOgZFVEkiJTdlMjA2MWJjMzU0YzFiNmMwMWY4OTVlMDQ4ZDdmODEyBjsAVA%3D%3D--f72d80f427945a420676c0cbf636451ec60ba5e3; path=/; HttpOnly"
location: "http://localhost:8080/analyses/aadd75a5-b931-4f75-811c-ba00ec9ee189"
etag: "\"c466844b5643c333d89b831f4ad87ee8\""
status: "201 Created"
connection: "close"
transfer-encoding: "chunked"
content-type: "application/json; charset=utf-8"
I, [2015-02-27T14:57:14.136714 #13636]  INFO -- : post http://localhost:8080/analyses/aadd75a5-b931-4f75-811c-ba00ec9ee189/action.json
D, [2015-02-27T14:57:14.136714 #13636] DEBUG -- request: User-Agent: "Faraday v0.9.1"
Content-Type: "application/json"
I, [2015-02-27T14:57:14.659818 #13636]  INFO -- Status: 200
D, [2015-02-27T14:57:14.659818 #13636] DEBUG -- response: date: "Fri, 27 Feb 2015 21:53:20 GMT"
server: "Apache"
x-ua-compatible: "IE=Edge"
cache-control: "max-age=0, private, must-revalidate"
x-meta-request-version: "0.3.4"
x-request-id: "5f4cb6102c9243b306a1843388286bc2"
x-runtime: "0.510881"
x-powered-by: "Phusion Passenger 4.0.50"
set-cookie: "_openstudio-server_session=BAh7BkkiD3Nlc3Npb25faWQGOgZFVEkiJTFlY2M5NzdjZjk5ZmZkNmIyYmE0MWVlNjc0MmMzYTUzBjsAVA%3D%3D--c709fadfb60b155f0f9a5a58db9ef69098b02679; path=/; HttpOnly"
etag: "\"020c225f0e30b102b5391a482d90cee4\""
status: "200 OK"
connection: "close"
transfer-encoding: "chunked"
content-type: "application/json; charset=utf-8"
